2025-07-01 13:21:34,089 - INFO - 🚀 開始批量回測，共 100 個策略
2025-07-01 13:21:34,091 - INFO - ✅ (1/100) 策略 TR_SR_W20_1D_D10_S2_IC 完成
2025-07-01 13:21:34,091 - INFO - ✅ (2/100) 策略 ST_W15_7D_D270_S3_IC 完成
2025-07-01 13:21:34,091 - INFO - ✅ (3/100) 策略 TR_SR_W120_14D_D60_S5_IC 完成
2025-07-01 13:21:34,091 - INFO - ✅ (4/100) 策略 SR_W60_30D_D300_S7_EQ 完成
2025-07-01 13:21:34,092 - INFO - ✅ (5/100) 策略 SO_W150_30D_D30_S10_FS 完成
2025-07-01 13:21:34,092 - INFO - ✅ (6/100) 策略 SR_ST_W5_30D_D15_S2_IC 完成
2025-07-01 13:21:34,092 - INFO - ✅ (7/100) 策略 SR_ST_WR_W20_14D_D60_S15_FS 完成
2025-07-01 13:21:34,092 - INFO - ✅ (8/100) 策略 TR_ST_DD_W5_2D_D150_S3_EQ 完成
2025-07-01 13:21:34,093 - INFO - ✅ (9/100) 策略 TR_ST_DD_W5_30D_D240_S5_EQ 完成
2025-07-01 13:21:34,093 - INFO - ✅ (10/100) 策略 TR_SO_W210_2D_D150_S2_IC 完成
2025-07-01 13:21:34,093 - INFO - 📊 進度: 10/100 (10.0%) - 平均耗時: 0.0s - 預估剩餘: 0.0分鐘
2025-07-01 13:21:34,093 - INFO - ✅ (11/100) 策略 TR_WR_DD_W210_2D_D20_S10_FS 完成
2025-07-01 13:21:34,093 - INFO - ✅ (12/100) 策略 TR_W150_2D_D60_S15_IC 完成
2025-07-01 13:21:34,093 - INFO - ✅ (13/100) 策略 TR_WR_W120_2D_D60_S2_IC 完成
2025-07-01 13:21:34,093 - INFO - ✅ (14/100) 策略 WR_W20_2D_D270_S0_FS 完成
2025-07-01 13:21:34,094 - INFO - ✅ (15/100) 策略 SR_W120_2D_D270_S10_EQ 完成
2025-07-01 13:21:34,094 - INFO - ✅ (16/100) 策略 SR_WR_W240_30D_D45_S5_EQ 完成
2025-07-01 13:21:34,094 - INFO - ✅ (17/100) 策略 SR_WR_W240_30D_D150_S0_FS 完成
2025-07-01 13:21:34,094 - INFO - ✅ (18/100) 策略 TR_WR_DD_W210_7D_D120_S5_EQ 完成
2025-07-01 13:21:34,094 - INFO - ✅ (19/100) 策略 TR_SR_WR_W45_1D_D90_S7_FS 完成
2025-07-01 13:21:34,094 - INFO - ✅ (20/100) 策略 TR_ST_DD_W270_1D_D30_S10_FS 完成
2025-07-01 13:21:34,094 - INFO - 📊 進度: 20/100 (20.0%) - 平均耗時: 0.0s - 預估剩餘: 0.0分鐘
2025-07-01 13:21:34,095 - INFO - ✅ (21/100) 策略 TR_DD_SO_W150_1D_D90_S2_IC 完成
2025-07-01 13:21:34,095 - INFO - ✅ (22/100) 策略 SR_ST_W240_1D_D15_S10_EQ 完成
2025-07-01 13:21:34,095 - INFO - ✅ (23/100) 策略 TR_SR_SO_W90_2D_D120_S2_IC 完成
2025-07-01 13:21:34,095 - INFO - ✅ (24/100) 策略 SR_WR_W120_7D_D15_S2_IC 完成
2025-07-01 13:21:34,095 - INFO - ✅ (25/100) 策略 ST_W20_7D_D15_S2_FS 完成
2025-07-01 13:21:34,096 - INFO - ✅ (26/100) 策略 ST_WR_W15_7D_D10_S5_FS 完成
2025-07-01 13:21:34,096 - INFO - ✅ (27/100) 策略 TR_ST_SO_W15_14D_D120_S10_FS 完成
2025-07-01 13:21:34,096 - INFO - ✅ (28/100) 策略 SR_ST_SO_W120_1D_D120_S10_FS 完成
2025-07-01 13:21:34,096 - INFO - ✅ (29/100) 策略 ST_SO_W150_2D_D180_S3_IC 完成
2025-07-01 13:21:34,096 - INFO - ✅ (30/100) 策略 TR_WR_DD_W270_30D_D45_S2_FS 完成
2025-07-01 13:21:34,096 - INFO - 📊 進度: 30/100 (30.0%) - 平均耗時: 0.0s - 預估剩餘: 0.0分鐘
2025-07-01 13:21:34,096 - INFO - ✅ (31/100) 策略 TR_SR_DD_W300_1D_D90_S0_FS 完成
2025-07-01 13:21:34,097 - INFO - ✅ (32/100) 策略 ST_WR_DD_W150_2D_D45_S5_FS 完成
2025-07-01 13:21:34,097 - INFO - ✅ (33/100) 策略 TR_DD_SO_W150_2D_D15_S3_EQ 完成
2025-07-01 13:21:34,097 - INFO - ✅ (34/100) 策略 TR_SR_SO_W270_7D_D300_S5_EQ 完成
2025-07-01 13:21:34,097 - INFO - ✅ (35/100) 策略 SR_ST_W10_14D_D10_S5_FS 完成
2025-07-01 13:21:34,097 - INFO - ✅ (36/100) 策略 DD_W150_14D_D270_S15_EQ 完成
2025-07-01 13:21:34,097 - INFO - ✅ (37/100) 策略 WR_DD_W60_1D_D270_S7_FS 完成
2025-07-01 13:21:34,098 - INFO - ✅ (38/100) 策略 SR_WR_SO_W150_7D_D15_S1_IC 完成
2025-07-01 13:21:34,098 - INFO - ✅ (39/100) 策略 TR_WR_DD_W5_1D_D270_S15_EQ 完成
2025-07-01 13:21:34,098 - INFO - ✅ (40/100) 策略 WR_DD_W210_7D_D180_S15_EQ 完成
2025-07-01 13:21:34,098 - INFO - 📊 進度: 40/100 (40.0%) - 平均耗時: 0.0s - 預估剩餘: 0.0分鐘
2025-07-01 13:21:34,099 - INFO - ✅ (41/100) 策略 WR_W150_30D_D210_S0_FS 完成
2025-07-01 13:21:34,099 - INFO - ✅ (42/100) 策略 ST_W300_14D_D120_S1_IC 完成
2025-07-01 13:21:34,099 - INFO - ✅ (43/100) 策略 TR_SR_ST_W10_7D_D270_S15_EQ 完成
2025-07-01 13:21:34,099 - INFO - ✅ (44/100) 策略 TR_DD_W5_14D_D180_S3_EQ 完成
2025-07-01 13:21:34,099 - INFO - ✅ (45/100) 策略 SR_W90_7D_D60_S15_FS 完成
2025-07-01 13:21:34,099 - INFO - ✅ (46/100) 策略 ST_WR_SO_W210_1D_D210_S15_IC 完成
2025-07-01 13:21:34,100 - INFO - ✅ (47/100) 策略 TR_DD_W60_2D_D20_S7_EQ 完成
2025-07-01 13:21:34,100 - INFO - ✅ (48/100) 策略 ST_WR_W240_2D_D20_S3_FS 完成
2025-07-01 13:21:34,100 - INFO - ✅ (49/100) 策略 ST_DD_SO_W180_7D_D120_S2_FS 完成
2025-07-01 13:21:34,100 - INFO - ✅ (50/100) 策略 SR_ST_WR_W210_7D_D90_S15_EQ 完成
2025-07-01 13:21:34,100 - INFO - 📊 進度: 50/100 (50.0%) - 平均耗時: 0.0s - 預估剩餘: 0.0分鐘
2025-07-01 13:21:34,100 - INFO - ✅ (51/100) 策略 TR_SR_W300_30D_D210_S10_FS 完成
2025-07-01 13:21:34,100 - INFO - ✅ (52/100) 策略 ST_W300_2D_D210_S5_IC 完成
2025-07-01 13:21:34,101 - INFO - ✅ (53/100) 策略 TR_SR_DD_W270_14D_D60_S3_EQ 完成
2025-07-01 13:21:34,101 - INFO - ✅ (54/100) 策略 TR_DD_SO_W5_2D_D60_S15_EQ 完成
2025-07-01 13:21:34,101 - INFO - ✅ (55/100) 策略 TR_WR_DD_W10_30D_D30_S1_FS 完成
2025-07-01 13:21:34,101 - INFO - ✅ (56/100) 策略 SR_ST_WR_W180_2D_D150_S5_EQ 完成
2025-07-01 13:21:34,101 - INFO - ✅ (57/100) 策略 SR_ST_WR_W5_1D_D20_S10_EQ 完成
2025-07-01 13:21:34,101 - INFO - ✅ (58/100) 策略 ST_W120_30D_D300_S1_FS 完成
2025-07-01 13:21:34,102 - INFO - ✅ (59/100) 策略 SR_ST_DD_W5_14D_D180_S0_FS 完成
2025-07-01 13:21:34,102 - INFO - ✅ (60/100) 策略 TR_SR_ST_W270_7D_D240_S7_FS 完成
2025-07-01 13:21:34,102 - INFO - 📊 進度: 60/100 (60.0%) - 平均耗時: 0.0s - 預估剩餘: 0.0分鐘
2025-07-01 13:21:34,102 - INFO - ✅ (61/100) 策略 SO_W30_1D_D60_S10_FS 完成
2025-07-01 13:21:34,102 - INFO - ✅ (62/100) 策略 TR_SR_SO_W30_2D_D60_S1_FS 完成
2025-07-01 13:21:34,103 - INFO - ✅ (63/100) 策略 SR_W30_30D_D15_S7_FS 完成
2025-07-01 13:21:34,103 - INFO - ✅ (64/100) 策略 DD_W5_7D_D15_S1_IC 完成
2025-07-01 13:21:34,103 - INFO - ✅ (65/100) 策略 SR_WR_SO_W270_14D_D60_S5_EQ 完成
2025-07-01 13:21:34,103 - INFO - ✅ (66/100) 策略 TR_ST_W270_14D_D30_S15_FS 完成
2025-07-01 13:21:34,103 - INFO - ✅ (67/100) 策略 SR_ST_SO_W210_14D_D60_S0_IC 完成
2025-07-01 13:21:34,104 - INFO - ✅ (68/100) 策略 ST_DD_SO_W210_1D_D20_S1_IC 完成
2025-07-01 13:21:34,104 - INFO - ✅ (69/100) 策略 TR_ST_WR_W20_14D_D20_S5_IC 完成
2025-07-01 13:21:34,104 - INFO - ✅ (70/100) 策略 ST_WR_DD_W15_30D_D60_S7_FS 完成
2025-07-01 13:21:34,104 - INFO - 📊 進度: 70/100 (70.0%) - 平均耗時: 0.0s - 預估剩餘: 0.0分鐘
2025-07-01 13:21:34,104 - INFO - ✅ (71/100) 策略 TR_WR_W180_1D_D60_S10_FS 完成
2025-07-01 13:21:34,105 - INFO - ✅ (72/100) 策略 SR_SO_W45_2D_D150_S5_EQ 完成
2025-07-01 13:21:34,105 - INFO - ✅ (73/100) 策略 TR_DD_W30_2D_D60_S0_IC 完成
2025-07-01 13:21:34,105 - INFO - ✅ (74/100) 策略 TR_SR_SO_W60_2D_D10_S7_EQ 完成
2025-07-01 13:21:34,105 - INFO - ✅ (75/100) 策略 TR_ST_WR_W300_30D_D45_S10_EQ 完成
2025-07-01 13:21:34,105 - INFO - ✅ (76/100) 策略 ST_W180_14D_D10_S15_FS 完成
2025-07-01 13:21:34,106 - INFO - ✅ (77/100) 策略 TR_ST_WR_W150_14D_D45_S5_EQ 完成
2025-07-01 13:21:34,106 - INFO - ✅ (78/100) 策略 SR_W300_2D_D20_S5_EQ 完成
2025-07-01 13:21:34,106 - INFO - ✅ (79/100) 策略 SR_ST_WR_W300_2D_D20_S3_FS 完成
2025-07-01 13:21:34,106 - INFO - ✅ (80/100) 策略 TR_WR_DD_W30_14D_D150_S10_IC 完成
2025-07-01 13:21:34,106 - INFO - 📊 進度: 80/100 (80.0%) - 平均耗時: 0.0s - 預估剩餘: 0.0分鐘
2025-07-01 13:21:34,106 - INFO - ✅ (81/100) 策略 ST_WR_DD_W270_2D_D120_S2_FS 完成
2025-07-01 13:21:34,107 - INFO - ✅ (82/100) 策略 SR_ST_SO_W90_2D_D270_S1_FS 完成
2025-07-01 13:21:34,107 - INFO - ✅ (83/100) 策略 ST_WR_W45_2D_D300_S7_IC 完成
2025-07-01 13:21:34,107 - INFO - ✅ (84/100) 策略 TR_DD_W180_1D_D210_S7_IC 完成
2025-07-01 13:21:34,107 - INFO - ✅ (85/100) 策略 WR_DD_SO_W5_14D_D20_S1_IC 完成
2025-07-01 13:21:34,107 - INFO - ✅ (86/100) 策略 SR_ST_WR_W45_14D_D240_S3_IC 完成
2025-07-01 13:21:34,108 - INFO - ✅ (87/100) 策略 TR_SR_WR_W300_2D_D300_S1_EQ 完成
2025-07-01 13:21:34,108 - INFO - ✅ (88/100) 策略 SR_WR_SO_W300_2D_D120_S2_FS 完成
2025-07-01 13:21:34,108 - INFO - ✅ (89/100) 策略 DD_SO_W270_14D_D210_S0_IC 完成
2025-07-01 13:21:34,108 - INFO - ✅ (90/100) 策略 TR_ST_SO_W150_7D_D45_S7_EQ 完成
2025-07-01 13:21:34,108 - INFO - 📊 進度: 90/100 (90.0%) - 平均耗時: 0.0s - 預估剩餘: 0.0分鐘
2025-07-01 13:21:34,108 - INFO - ✅ (91/100) 策略 SR_SO_W240_30D_D45_S10_EQ 完成
2025-07-01 13:21:34,108 - INFO - ✅ (92/100) 策略 TR_SO_W300_30D_D10_S3_IC 完成
2025-07-01 13:21:34,109 - INFO - ✅ (93/100) 策略 TR_SO_W30_14D_D150_S10_IC 完成
2025-07-01 13:21:34,109 - INFO - ✅ (94/100) 策略 SR_DD_W300_7D_D10_S2_EQ 完成
2025-07-01 13:21:34,109 - INFO - ✅ (95/100) 策略 ST_WR_SO_W240_1D_D270_S5_FS 完成
2025-07-01 13:21:34,109 - INFO - ✅ (96/100) 策略 TR_SO_W300_30D_D300_S2_FS 完成
2025-07-01 13:21:34,109 - INFO - ✅ (97/100) 策略 ST_SO_W60_14D_D270_S1_EQ 完成
2025-07-01 13:21:34,109 - INFO - ✅ (98/100) 策略 WR_W210_2D_D15_S0_FS 完成
2025-07-01 13:21:34,110 - INFO - ✅ (99/100) 策略 ST_WR_SO_W300_30D_D90_S15_IC 完成
2025-07-01 13:21:34,110 - INFO - ✅ (100/100) 策略 ST_DD_SO_W120_7D_D60_S10_EQ 完成
2025-07-01 13:21:34,110 - INFO - 📊 進度: 100/100 (100.0%) - 平均耗時: 0.0s - 預估剩餘: 0.0分鐘
2025-07-01 13:21:34,110 - INFO - 🎯 批量回測完成！
2025-07-01 13:21:34,110 - INFO -    - 總策略數: 100
2025-07-01 13:21:34,110 - INFO -    - 成功: 100
2025-07-01 13:21:34,110 - INFO -    - 失敗: 0
2025-07-01 13:21:34,110 - INFO -    - 成功率: 100.0%
2025-07-01 13:21:34,110 - INFO -    - 總耗時: 0.0 分鐘
2025-07-01 13:21:34,115 - INFO - 💾 最終結果已保存到: /Users/waynechen/Downloads/Arbitrage01-3/factor_strategies/hyperparameter_tuning/results/sampling_100_20250701_132130/final_results/batch_results_20250701_132134.json
