2025-07-02 15:13:34,756 - __main__ - INFO - 大規模超參數調優系統初始化完成
2025-07-02 15:13:34,756 - __main__ - INFO - 開始生成策略參數組合 - 模式: sampling
2025-07-02 15:13:34,756 - factor_strategies.hyperparameter_tuning.core.parameter_generator - INFO - 開始生成策略參數組合 - 模式: sampling, 方法: random
2025-07-02 15:13:34,756 - factor_strategies.hyperparameter_tuning.core.parameter_generator - INFO - 開始生成隨機抽樣參數組合，樣本數量: 10
2025-07-02 15:13:34,756 - factor_strategies.hyperparameter_tuning.core.parameter_generator - INFO - 成功生成 10 個唯一策略配置
2025-07-02 15:13:34,756 - factor_strategies.hyperparameter_tuning.core.parameter_generator - INFO - 成功生成 10 個策略配置
2025-07-02 15:13:34,757 - factor_strategies.hyperparameter_tuning.core.database_manager - INFO - 創建會話成功: session_20250702_151334_6795
2025-07-02 15:13:34,758 - factor_strategies.hyperparameter_tuning.core.progress_manager - INFO - 創建會話成功: session_20250702_151334_6795
2025-07-02 15:13:34,759 - factor_strategies.hyperparameter_tuning.core.database_manager - INFO - 添加 10 個策略到隊列
2025-07-02 15:13:34,759 - factor_strategies.hyperparameter_tuning.core.progress_manager - INFO - 添加策略到隊列成功: 10 個
2025-07-02 15:13:34,759 - __main__ - INFO - 成功生成 10 個策略配置
2025-07-02 15:13:34,759 - __main__ - INFO - 會話ID: session_20250702_151334_6795
2025-07-02 15:13:34,863 - __main__ - INFO - 大規模超參數調優系統初始化完成
2025-07-02 15:13:34,863 - __main__ - INFO - 開始執行批量回測 - 會話: session_20250702_151334_6795, 並發: 2
2025-07-02 15:13:34,863 - factor_strategies.hyperparameter_tuning.core.execution_engine - INFO - 開始執行批量回測 - 會話: session_20250702_151334_6795, 並發: 2
2025-07-02 15:13:34,864 - factor_strategies.hyperparameter_tuning.core.execution_engine - INFO - 待執行策略數量: 10
2025-07-02 15:13:34,865 - factor_strategies.hyperparameter_tuning.core.execution_engine - ERROR - 策略執行異常: sampling_000001 - the JSON object must be str, bytes or bytearray, not dict
2025-07-02 15:13:34,866 - factor_strategies.hyperparameter_tuning.core.execution_engine - ERROR - 策略執行異常: sampling_000003 - the JSON object must be str, bytes or bytearray, not dict
2025-07-02 15:13:34,866 - factor_strategies.hyperparameter_tuning.core.execution_engine - ERROR - 策略執行異常: sampling_000002 - the JSON object must be str, bytes or bytearray, not dict
2025-07-02 15:13:34,867 - factor_strategies.hyperparameter_tuning.core.execution_engine - ERROR - 策略執行異常: sampling_000004 - the JSON object must be str, bytes or bytearray, not dict
2025-07-02 15:13:34,867 - factor_strategies.hyperparameter_tuning.core.execution_engine - ERROR - 策略執行異常: sampling_000006 - the JSON object must be str, bytes or bytearray, not dict
2025-07-02 15:13:34,868 - factor_strategies.hyperparameter_tuning.core.execution_engine - ERROR - 策略執行異常: sampling_000007 - the JSON object must be str, bytes or bytearray, not dict
2025-07-02 15:13:34,868 - factor_strategies.hyperparameter_tuning.core.execution_engine - ERROR - 策略執行異常: sampling_000008 - the JSON object must be str, bytes or bytearray, not dict
2025-07-02 15:13:34,869 - factor_strategies.hyperparameter_tuning.core.execution_engine - ERROR - 策略執行異常: sampling_000009 - the JSON object must be str, bytes or bytearray, not dict
2025-07-02 15:13:34,869 - factor_strategies.hyperparameter_tuning.core.execution_engine - ERROR - 策略執行異常: sampling_000010 - the JSON object must be str, bytes or bytearray, not dict
2025-07-02 15:13:34,869 - factor_strategies.hyperparameter_tuning.core.execution_engine - ERROR - 策略執行異常: sampling_000005 - the JSON object must be str, bytes or bytearray, not dict
2025-07-02 15:13:34,870 - factor_strategies.hyperparameter_tuning.core.execution_engine - INFO - 並行執行完成 - 成功: 0, 失敗: 10
2025-07-02 15:13:34,870 - factor_strategies.hyperparameter_tuning.core.execution_engine - INFO - 批量回測執行完成
2025-07-02 15:13:34,871 - __main__ - INFO - 批量回測執行完成
