2025-07-02 15:15:17,187 - __main__ - INFO - 大規模超參數調優系統初始化完成
2025-07-02 15:15:17,187 - __main__ - INFO - 開始生成策略參數組合 - 模式: sampling
2025-07-02 15:15:17,187 - factor_strategies.hyperparameter_tuning.core.parameter_generator - INFO - 開始生成策略參數組合 - 模式: sampling, 方法: random
2025-07-02 15:15:17,187 - factor_strategies.hyperparameter_tuning.core.parameter_generator - INFO - 開始生成隨機抽樣參數組合，樣本數量: 10
2025-07-02 15:15:17,187 - factor_strategies.hyperparameter_tuning.core.parameter_generator - INFO - 成功生成 10 個唯一策略配置
2025-07-02 15:15:17,187 - factor_strategies.hyperparameter_tuning.core.parameter_generator - INFO - 成功生成 10 個策略配置
2025-07-02 15:15:17,188 - factor_strategies.hyperparameter_tuning.core.database_manager - INFO - 創建會話成功: session_20250702_151517_6474
2025-07-02 15:15:17,189 - factor_strategies.hyperparameter_tuning.core.progress_manager - INFO - 創建會話成功: session_20250702_151517_6474
2025-07-02 15:15:17,189 - factor_strategies.hyperparameter_tuning.core.database_manager - INFO - 添加 10 個策略到隊列
2025-07-02 15:15:17,190 - factor_strategies.hyperparameter_tuning.core.progress_manager - INFO - 添加策略到隊列成功: 10 個
2025-07-02 15:15:17,190 - __main__ - INFO - 成功生成 10 個策略配置
2025-07-02 15:15:17,190 - __main__ - INFO - 會話ID: session_20250702_151517_6474
2025-07-02 15:15:17,300 - __main__ - INFO - 大規模超參數調優系統初始化完成
2025-07-02 15:15:17,300 - __main__ - INFO - 開始執行批量回測 - 會話: session_20250702_151517_6474, 並發: 2
2025-07-02 15:15:17,300 - factor_strategies.hyperparameter_tuning.core.execution_engine - INFO - 開始執行批量回測 - 會話: session_20250702_151517_6474, 並發: 2
2025-07-02 15:15:17,302 - factor_strategies.hyperparameter_tuning.core.execution_engine - INFO - 待執行策略數量: 10
2025-07-02 15:15:17,331 - factor_strategies.hyperparameter_tuning.core.execution_engine - ERROR - 策略執行失敗: sampling_000002 - 策略排行榜生成失敗: 因子策略執行失敗 (返回碼: 2)
2025-07-02 15:15:17,332 - factor_strategies.hyperparameter_tuning.core.execution_engine - ERROR - 策略執行失敗: sampling_000001 - 策略排行榜生成失敗: 因子策略執行失敗 (返回碼: 2)
2025-07-02 15:15:17,353 - factor_strategies.hyperparameter_tuning.core.execution_engine - ERROR - 策略執行失敗: sampling_000004 - 策略排行榜生成失敗: 因子策略執行失敗 (返回碼: 2)
2025-07-02 15:15:17,353 - factor_strategies.hyperparameter_tuning.core.execution_engine - ERROR - 策略執行失敗: sampling_000003 - 策略排行榜生成失敗: 因子策略執行失敗 (返回碼: 2)
2025-07-02 15:15:17,375 - factor_strategies.hyperparameter_tuning.core.execution_engine - ERROR - 策略執行失敗: sampling_000005 - 策略排行榜生成失敗: 因子策略執行失敗 (返回碼: 2)
2025-07-02 15:15:17,377 - factor_strategies.hyperparameter_tuning.core.execution_engine - ERROR - 策略執行失敗: sampling_000006 - 策略排行榜生成失敗: 因子策略執行失敗 (返回碼: 2)
2025-07-02 15:15:17,395 - factor_strategies.hyperparameter_tuning.core.execution_engine - ERROR - 策略執行失敗: sampling_000007 - 策略排行榜生成失敗: 因子策略執行失敗 (返回碼: 2)
2025-07-02 15:15:17,398 - factor_strategies.hyperparameter_tuning.core.execution_engine - ERROR - 策略執行失敗: sampling_000008 - 策略排行榜生成失敗: 因子策略執行失敗 (返回碼: 2)
2025-07-02 15:15:17,413 - factor_strategies.hyperparameter_tuning.core.execution_engine - ERROR - 策略執行失敗: sampling_000009 - 策略排行榜生成失敗: 因子策略執行失敗 (返回碼: 2)
2025-07-02 15:15:17,415 - factor_strategies.hyperparameter_tuning.core.execution_engine - ERROR - 策略執行失敗: sampling_000010 - 策略排行榜生成失敗: 因子策略執行失敗 (返回碼: 2)
2025-07-02 15:15:17,415 - factor_strategies.hyperparameter_tuning.core.execution_engine - INFO - 執行進度: 完成 0, 失敗 10
2025-07-02 15:15:17,415 - factor_strategies.hyperparameter_tuning.core.execution_engine - INFO - 並行執行完成 - 成功: 0, 失敗: 10
2025-07-02 15:15:17,416 - factor_strategies.hyperparameter_tuning.core.execution_engine - INFO - 批量回測執行完成
2025-07-02 15:15:17,416 - __main__ - INFO - 批量回測執行完成
