🤖 自動模式：分析 2025-07-08 的收益
開始分析 2025-07-08 到 2025-07-08 的數據...
獲取幣安資金費用...
獲取幣安手續費...
獲取Bybit資金費用...
   Bybit查詢: 2025-07-08
   正在查詢第2頁...
   找到 18 筆記錄
   Bybit總計: 18 筆資金費用記錄
獲取Bybit手續費...
   Bybit手續費查詢: 2025-07-08
   該日期無手續費記錄
   Bybit手續費總計: 0 筆記錄
找到 3 個交易對
處理日期: 2025-07-08

✅ 結果已保存:
   csv/Return/overall_stat_2025_07_08.csv
   csv/Return/binance_stat_2025_07_08.csv
   csv/Return/bybit_stat_2025_07_08.csv
✅ Telegram通知已發送

📊 統計資訊:
   總記錄數: 3
   涉及交易對: 3
   總淨損益: $8.38
🤖 自動模式：分析 2025-07-08 的收益
開始分析 2025-07-08 到 2025-07-08 的數據...
獲取幣安資金費用...
獲取幣安手續費...
獲取Bybit資金費用...
   Bybit查詢: 2025-07-08
   正在查詢第2頁...
   找到 18 筆記錄
   Bybit總計: 18 筆資金費用記錄
獲取Bybit手續費...
   Bybit手續費查詢: 2025-07-08
   該日期無手續費記錄
   Bybit手續費總計: 0 筆記錄
找到 3 個交易對
處理日期: 2025-07-08

✅ 結果已保存:
   csv/Return/overall_stat_2025_07_08.csv
   csv/Return/binance_stat_2025_07_08.csv
   csv/Return/bybit_stat_2025_07_08.csv
✅ Telegram通知已發送

📊 統計資訊:
   總記錄數: 3
   涉及交易對: 3
   總淨損益: $8.38
